<?xml version="1.0" encoding="UTF-8"?>
<testsuite xmlns:xsi="http://www.w3.org/2001/XMLSchema-instance" xsi:noNamespaceSchemaLocation="https://maven.apache.org/surefire/maven-failsafe-plugin/xsd/failsafe-test-report-3.0.xsd" version="3.0" name="Authorization" time="10.013" tests="6" errors="0" skipped="0" failures="1">
  <properties>
[...]
</properties>
  <testcase name="Login functionallity #1" classname="Authorization" time="6.062">
    <system-out><![CDATA[
@smoke @authorization
Scenario Outline: Login functionallity                                                                              &amp#27;[90m# features/authorization.feature:11&amp#27;[0m
12:42:30.852 [pool-3-thread-1] INFO  i.c.core.plugin.SerenityReporter - Running feature from classpath:features/authorization.feature
12:42:30.968 [pool-3-thread-1] INFO   - 
  _____   ___   ___   _____     ___   _____     _     ___   _____   ___   ___  
 |_   _| | __| / __| |_   _|   / __| |_   _|   /_\   | _ \ |_   _| | __| |   \ 
   | |   | _|  \__ \   | |     \__ \   | |    / _ \  |   /   | |   | _|  | |) |
   |_|   |___| |___/   |_|     |___/   |_|   /_/ \_\ |_|_\   |_|   |___| |___/ 

Login functionallity(authorization;login-functionallity)
--------------------------------------------------------------------------------
  &amp#27;[32mGiven &amp#27;[0m&amp#27;[32mI post login with email &amp#27;[0m&amp#27;[32m&amp#27;[1m"eve.holt@reqres.in"&amp#27;[0m&amp#27;[32m and password &amp#27;[0m&amp#27;[32m&amp#27;[1m"cityslicka"&amp#27;[0m&amp#27;[32m, note: &amp#27;[0m&amp#27;[32m&amp#27;[1m"valid username and password"&amp#27;[0m &amp#27;[90m# reqres.stepDef.AuthorizationStepDef.postLoginWithJson(java.lang.String,java.lang.String,java.lang.String)&amp#27;[0m
  &amp#27;[32mWhen &amp#27;[0m&amp#27;[32mSend request post login user&amp#27;[0m                                                                                 &amp#27;[90m# reqres.stepDef.AuthorizationStepDef.sendRequestPostLoginUser()&amp#27;[0m
  &amp#27;[32mThen &amp#27;[0m&amp#27;[32mStatus code should be &amp#27;[0m&amp#27;[32m&amp#27;[1m"200"&amp#27;[0m&amp#27;[32m - &amp#27;[0m&amp#27;[32m&amp#27;[1m"OK"&amp#27;[0m                                                                           &amp#27;[90m# reqres.stepDef.RegistrationStepDef.statusCodeShouldBeOK(java.lang.String,java.lang.String)&amp#27;[0m
  &amp#27;[32mAnd &amp#27;[0m&amp#27;[32mResponse body &amp#27;[0m&amp#27;[32m&amp#27;[1m"token"&amp#27;[0m&amp#27;[32m should return &amp#27;[0m&amp#27;[32m&amp#27;[1m"token"&amp#27;[0m                                                                   &amp#27;[90m# reqres.stepDef.ResourceUsersStepDef.responseBodyShouldReturn(java.lang.String,java.lang.String)&amp#27;[0m
12:42:36.757 [pool-3-thread-1] INFO   - 
  _____   ___   ___   _____     ___     _     ___   ___   ___   ___  
 |_   _| | __| / __| |_   _|   | _ \   /_\   / __| / __| | __| |   \ 
   | |   | _|  \__ \   | |     |  _/  / _ \  \__ \ \__ \ | _|  | |) |
   |_|   |___| |___/   |_|     |_|   /_/ \_\ |___/ |___/ |___| |___/ 

Login functionallity
----------------------------------------------------------------------
]]></system-out>
  </testcase>
  <testcase name="Login functionallity #2" classname="Authorization" time="0.723">
    <system-out><![CDATA[
@smoke @authorization
Scenario Outline: Login functionallity                                                             &amp#27;[90m# features/authorization.feature:12&amp#27;[0m
12:42:36.771 [pool-3-thread-1] INFO  i.c.core.plugin.SerenityReporter - Running feature from classpath:features/authorization.feature
  &amp#27;[32mGiven &amp#27;[0m&amp#27;[32mI post login with email &amp#27;[0m&amp#27;[32m&amp#27;[1m"not.an.email"&amp#27;[0m&amp#27;[32m and password &amp#27;[0m&amp#27;[32m&amp#27;[1m"cityslicka"&amp#27;[0m&amp#27;[32m, note: &amp#27;[0m&amp#27;[32m&amp#27;[1m"invalid username"&amp#27;[0m &amp#27;[90m# reqres.stepDef.AuthorizationStepDef.postLoginWithJson(java.lang.String,java.lang.String,java.lang.String)&amp#27;[0m
  &amp#27;[32mWhen &amp#27;[0m&amp#27;[32mSend request post login user&amp#27;[0m                                                                &amp#27;[90m# reqres.stepDef.AuthorizationStepDef.sendRequestPostLoginUser()&amp#27;[0m
  &amp#27;[32mThen &amp#27;[0m&amp#27;[32mStatus code should be &amp#27;[0m&amp#27;[32m&amp#27;[1m"400"&amp#27;[0m&amp#27;[32m - &amp#27;[0m&amp#27;[32m&amp#27;[1m"Bad Request"&amp#27;[0m                                                 &amp#27;[90m# reqres.stepDef.RegistrationStepDef.statusCodeShouldBeOK(java.lang.String,java.lang.String)&amp#27;[0m
  &amp#27;[32mAnd &amp#27;[0m&amp#27;[32mResponse body &amp#27;[0m&amp#27;[32m&amp#27;[1m"error"&amp#27;[0m&amp#27;[32m should return &amp#27;[0m&amp#27;[32m&amp#27;[1m"user not found"&amp#27;[0m                                         &amp#27;[90m# reqres.stepDef.ResourceUsersStepDef.responseBodyShouldReturn(java.lang.String,java.lang.String)&amp#27;[0m
12:42:37.485 [pool-3-thread-1] INFO   - 
  _____   ___   ___   _____     ___     _     ___   ___   ___   ___  
 |_   _| | __| / __| |_   _|   | _ \   /_\   / __| / __| | __| |   \ 
   | |   | _|  \__ \   | |     |  _/  / _ \  \__ \ \__ \ | _|  | |) |
   |_|   |___| |___/   |_|     |_|   /_/ \_\ |___/ |___/ |___| |___/ 

Login functionallity
----------------------------------------------------------------------
]]></system-out>
  </testcase>
  <testcase name="Login functionallity #3" classname="Authorization" time="0.809">
    <failure message="1 expectation failed.&#10;Expected status code &lt;400&gt; but was &lt;200&gt;.&#10;" type="java.lang.AssertionError"><![CDATA[java.lang.AssertionError: 
1 expectation failed.
Expected status code <400> but was <200>.

	at java.base/jdk.internal.reflect.NativeConstructorAccessorImpl.newInstance0(Native Method)
	at java.base/jdk.internal.reflect.NativeConstructorAccessorImpl.newInstance(NativeConstructorAccessorImpl.java:62)
	at java.base/jdk.internal.reflect.DelegatingConstructorAccessorImpl.newInstance(DelegatingConstructorAccessorImpl.java:45)
	at java.base/java.lang.reflect.Constructor.newInstance(Constructor.java:490)
	at org.codehaus.groovy.reflection.CachedConstructor.invoke(CachedConstructor.java:72)
	at org.codehaus.groovy.reflection.CachedConstructor.doConstructorInvoke(CachedConstructor.java:59)
	at org.codehaus.groovy.runtime.callsite.ConstructorSite$ConstructorSiteNoUnwrap.callConstructor(ConstructorSite.java:84)
	at org.codehaus.groovy.runtime.callsite.CallSiteArray.defaultCallConstructor(CallSiteArray.java:59)
	at org.codehaus.groovy.runtime.callsite.AbstractCallSite.callConstructor(AbstractCallSite.java:263)
	at org.codehaus.groovy.runtime.callsite.AbstractCallSite.callConstructor(AbstractCallSite.java:277)
	at io.restassured.internal.ResponseSpecificationImpl$HamcrestAssertionClosure.validate(ResponseSpecificationImpl.groovy:493)
	at io.restassured.internal.ResponseSpecificationImpl$HamcrestAssertionClosure$validate$1.call(Unknown Source)
	at io.restassured.internal.ResponseSpecificationImpl.validateResponseIfRequired(ResponseSpecificationImpl.groovy:674)
	at java.base/jdk.internal.reflect.NativeMethodAccessorImpl.invoke0(Native Method)
	at java.base/jdk.internal.reflect.NativeMethodAccessorImpl.invoke(NativeMethodAccessorImpl.java:62)
	at java.base/jdk.internal.reflect.DelegatingMethodAccessorImpl.invoke(DelegatingMethodAccessorImpl.java:43)
	at java.base/java.lang.reflect.Method.invoke(Method.java:566)
	at org.codehaus.groovy.runtime.callsite.PlainObjectMetaMethodSite.doInvoke(PlainObjectMetaMethodSite.java:43)
	at org.codehaus.groovy.runtime.callsite.PogoMetaMethodSite$PogoCachedMethodSiteNoUnwrapNoCoerce.invoke(PogoMetaMethodSite.java:193)
	at org.codehaus.groovy.runtime.callsite.PogoMetaMethodSite.callCurrent(PogoMetaMethodSite.java:61)
	at org.codehaus.groovy.runtime.callsite.AbstractCallSite.callCurrent(AbstractCallSite.java:185)
	at io.restassured.internal.ResponseSpecificationImpl.statusCode(ResponseSpecificationImpl.groovy:126)
	at io.restassured.specification.ResponseSpecification$statusCode$0.callCurrent(Unknown Source)
	at io.restassured.internal.ResponseSpecificationImpl.statusCode(ResponseSpecificationImpl.groovy:134)
	at io.restassured.internal.ValidatableResponseOptionsImpl.statusCode(ValidatableResponseOptionsImpl.java:89)
	at io.restassured.internal.ValidatableResponseImpl.super$2$statusCode(ValidatableResponseImpl.groovy)
	at java.base/jdk.internal.reflect.NativeMethodAccessorImpl.invoke0(Native Method)
	at java.base/jdk.internal.reflect.NativeMethodAccessorImpl.invoke(NativeMethodAccessorImpl.java:62)
	at java.base/jdk.internal.reflect.DelegatingMethodAccessorImpl.invoke(DelegatingMethodAccessorImpl.java:43)
	at java.base/java.lang.reflect.Method.invoke(Method.java:566)
	at org.codehaus.groovy.reflection.CachedMethod.invoke(CachedMethod.java:107)
	at groovy.lang.MetaMethod.doMethodInvoke(MetaMethod.java:323)
	at groovy.lang.MetaClassImpl.invokeMethod(MetaClassImpl.java:1267)
	at org.codehaus.groovy.runtime.ScriptBytecodeAdapter.invokeMethodOnSuperN(ScriptBytecodeAdapter.java:144)
	at io.restassured.internal.ValidatableResponseImpl.statusCode(ValidatableResponseImpl.groovy:142)
	at io.restassured.internal.ValidatableResponseImpl.statusCode(ValidatableResponseImpl.groovy)
	at reqres.stepDef.RegistrationStepDef.statusCodeShouldBeOK(RegistrationStepDef.java:32)
	at ✽.Status code should be "400" - "Bad Request"(classpath:features/authorization.feature:7)
]]></failure>
    <system-out><![CDATA[
@smoke @authorization
Scenario Outline: Login functionallity                                                                       &amp#27;[90m# features/authorization.feature:13&amp#27;[0m
12:42:37.495 [pool-3-thread-1] INFO  i.c.core.plugin.SerenityReporter - Running feature from classpath:features/authorization.feature
  &amp#27;[32mGiven &amp#27;[0m&amp#27;[32mI post login with email &amp#27;[0m&amp#27;[32m&amp#27;[1m"eve.holt@reqres.in"&amp#27;[0m&amp#27;[32m and password &amp#27;[0m&amp#27;[32m&amp#27;[1m"wrong_password"&amp#27;[0m&amp#27;[32m, note: &amp#27;[0m&amp#27;[32m&amp#27;[1m"invalid password"&amp#27;[0m &amp#27;[90m# reqres.stepDef.AuthorizationStepDef.postLoginWithJson(java.lang.String,java.lang.String,java.lang.String)&amp#27;[0m
  &amp#27;[32mWhen &amp#27;[0m&amp#27;[32mSend request post login user&amp#27;[0m                                                                          &amp#27;[90m# reqres.stepDef.AuthorizationStepDef.sendRequestPostLoginUser()&amp#27;[0m
  &amp#27;[31mThen &amp#27;[0m&amp#27;[31mStatus code should be &amp#27;[0m&amp#27;[31m&amp#27;[1m"400"&amp#27;[0m&amp#27;[31m - &amp#27;[0m&amp#27;[31m&amp#27;[1m"Bad Request"&amp#27;[0m                                                           &amp#27;[90m# reqres.stepDef.RegistrationStepDef.statusCodeShouldBeOK(java.lang.String,java.lang.String)&amp#27;[0m
      &amp#27;[31mjava.lang.AssertionError: 1 expectation failed.
Expected status code <400> but was <200>.

	at java.base/jdk.internal.reflect.NativeConstructorAccessorImpl.newInstance0(Native Method)
	at java.base/jdk.internal.reflect.NativeConstructorAccessorImpl.newInstance(NativeConstructorAccessorImpl.java:62)
	at java.base/jdk.internal.reflect.DelegatingConstructorAccessorImpl.newInstance(DelegatingConstructorAccessorImpl.java:45)
	at java.base/java.lang.reflect.Constructor.newInstance(Constructor.java:490)
	at org.codehaus.groovy.reflection.CachedConstructor.invoke(CachedConstructor.java:72)
	at org.codehaus.groovy.reflection.CachedConstructor.doConstructorInvoke(CachedConstructor.java:59)
	at org.codehaus.groovy.runtime.callsite.ConstructorSite$ConstructorSiteNoUnwrap.callConstructor(ConstructorSite.java:84)
	at org.codehaus.groovy.runtime.callsite.CallSiteArray.defaultCallConstructor(CallSiteArray.java:59)
	at org.codehaus.groovy.runtime.callsite.AbstractCallSite.callConstructor(AbstractCallSite.java:263)
	at org.codehaus.groovy.runtime.callsite.AbstractCallSite.callConstructor(AbstractCallSite.java:277)
	at io.restassured.internal.ResponseSpecificationImpl$HamcrestAssertionClosure.validate(ResponseSpecificationImpl.groovy:493)
	at io.restassured.internal.ResponseSpecificationImpl$HamcrestAssertionClosure$validate$1.call(Unknown Source)
	at io.restassured.internal.ResponseSpecificationImpl.validateResponseIfRequired(ResponseSpecificationImpl.groovy:674)
	at java.base/jdk.internal.reflect.NativeMethodAccessorImpl.invoke0(Native Method)
	at java.base/jdk.internal.reflect.NativeMethodAccessorImpl.invoke(NativeMethodAccessorImpl.java:62)
	at java.base/jdk.internal.reflect.DelegatingMethodAccessorImpl.invoke(DelegatingMethodAccessorImpl.java:43)
	at java.base/java.lang.reflect.Method.invoke(Method.java:566)
	at org.codehaus.groovy.runtime.callsite.PlainObjectMetaMethodSite.doInvoke(PlainObjectMetaMethodSite.java:43)
	at org.codehaus.groovy.runtime.callsite.PogoMetaMethodSite$PogoCachedMethodSiteNoUnwrapNoCoerce.invoke(PogoMetaMethodSite.java:193)
	at org.codehaus.groovy.runtime.callsite.PogoMetaMethodSite.callCurrent(PogoMetaMethodSite.java:61)
	at org.codehaus.groovy.runtime.callsite.AbstractCallSite.callCurrent(AbstractCallSite.java:185)
	at io.restassured.internal.ResponseSpecificationImpl.statusCode(ResponseSpecificationImpl.groovy:126)
	at io.restassured.specification.ResponseSpecification$statusCode$0.callCurrent(Unknown Source)
	at io.restassured.internal.ResponseSpecificationImpl.statusCode(ResponseSpecificationImpl.groovy:134)
	at io.restassured.internal.ValidatableResponseOptionsImpl.statusCode(ValidatableResponseOptionsImpl.java:89)
	at io.restassured.internal.ValidatableResponseImpl.super$2$statusCode(ValidatableResponseImpl.groovy)
	at java.base/jdk.internal.reflect.NativeMethodAccessorImpl.invoke0(Native Method)
	at java.base/jdk.internal.reflect.NativeMethodAccessorImpl.invoke(NativeMethodAccessorImpl.java:62)
	at java.base/jdk.internal.reflect.DelegatingMethodAccessorImpl.invoke(DelegatingMethodAccessorImpl.java:43)
	at java.base/java.lang.reflect.Method.invoke(Method.java:566)
	at org.codehaus.groovy.reflection.CachedMethod.invoke(CachedMethod.java:107)
	at groovy.lang.MetaMethod.doMethodInvoke(MetaMethod.java:323)
	at groovy.lang.MetaClassImpl.invokeMethod(MetaClassImpl.java:1267)
	at org.codehaus.groovy.runtime.ScriptBytecodeAdapter.invokeMethodOnSuperN(ScriptBytecodeAdapter.java:144)
	at io.restassured.internal.ValidatableResponseImpl.statusCode(ValidatableResponseImpl.groovy:142)
	at io.restassured.internal.ValidatableResponseImpl.statusCode(ValidatableResponseImpl.groovy)
	at reqres.stepDef.RegistrationStepDef.statusCodeShouldBeOK(RegistrationStepDef.java:32)
	at ✽.Status code should be "400" - "Bad Request"(classpath:features/authorization.feature:7)
&amp#27;[0m
  &amp#27;[36mAnd &amp#27;[0m&amp#27;[36mResponse body &amp#27;[0m&amp#27;[36m&amp#27;[1m"error"&amp#27;[0m&amp#27;[36m should return &amp#27;[0m&amp#27;[36m&amp#27;[1m"Wrong password"&amp#27;[0m                                                   &amp#27;[90m# reqres.stepDef.ResourceUsersStepDef.responseBodyShouldReturn(java.lang.String,java.lang.String)&amp#27;[0m
]]></system-out>
  </testcase>
  <testcase name="Login functionallity #4" classname="Authorization" time="0.754">
    <system-out><![CDATA[
@smoke @authorization
Scenario Outline: Login functionallity                                                    &amp#27;[90m# features/authorization.feature:14&amp#27;[0m
12:42:38.317 [pool-3-thread-1] INFO  i.c.core.plugin.SerenityReporter - Running feature from classpath:features/authorization.feature
  &amp#27;[32mGiven &amp#27;[0m&amp#27;[32mI post login with email &amp#27;[0m&amp#27;[32m&amp#27;[1m"eve.holt@reqres.in"&amp#27;[0m&amp#27;[32m and password &amp#27;[0m&amp#27;[32m&amp#27;[1m""&amp#27;[0m&amp#27;[32m, note: &amp#27;[0m&amp#27;[32m&amp#27;[1m"no password"&amp#27;[0m &amp#27;[90m# reqres.stepDef.AuthorizationStepDef.postLoginWithJson(java.lang.String,java.lang.String,java.lang.String)&amp#27;[0m
  &amp#27;[32mWhen &amp#27;[0m&amp#27;[32mSend request post login user&amp#27;[0m                                                       &amp#27;[90m# reqres.stepDef.AuthorizationStepDef.sendRequestPostLoginUser()&amp#27;[0m
  &amp#27;[32mThen &amp#27;[0m&amp#27;[32mStatus code should be &amp#27;[0m&amp#27;[32m&amp#27;[1m"400"&amp#27;[0m&amp#27;[32m - &amp#27;[0m&amp#27;[32m&amp#27;[1m"Bad Request"&amp#27;[0m                                        &amp#27;[90m# reqres.stepDef.RegistrationStepDef.statusCodeShouldBeOK(java.lang.String,java.lang.String)&amp#27;[0m
  &amp#27;[32mAnd &amp#27;[0m&amp#27;[32mResponse body &amp#27;[0m&amp#27;[32m&amp#27;[1m"error"&amp#27;[0m&amp#27;[32m should return &amp#27;[0m&amp#27;[32m&amp#27;[1m"Missing password"&amp#27;[0m                              &amp#27;[90m# reqres.stepDef.ResourceUsersStepDef.responseBodyShouldReturn(java.lang.String,java.lang.String)&amp#27;[0m
]]></system-out>
  </testcase>
  <testcase name="Login functionallity #5" classname="Authorization" time="0.825">
    <system-out><![CDATA[
@smoke @authorization
Scenario Outline: Login functionallity                                            &amp#27;[90m# features/authorization.feature:15&amp#27;[0m
12:42:39.070 [pool-3-thread-1] INFO  i.c.core.plugin.SerenityReporter - Running feature from classpath:features/authorization.feature
  &amp#27;[32mGiven &amp#27;[0m&amp#27;[32mI post login with email &amp#27;[0m&amp#27;[32m&amp#27;[1m""&amp#27;[0m&amp#27;[32m and password &amp#27;[0m&amp#27;[32m&amp#27;[1m"cityslicka"&amp#27;[0m&amp#27;[32m, note: &amp#27;[0m&amp#27;[32m&amp#27;[1m"no username"&amp#27;[0m &amp#27;[90m# reqres.stepDef.AuthorizationStepDef.postLoginWithJson(java.lang.String,java.lang.String,java.lang.String)&amp#27;[0m
  &amp#27;[32mWhen &amp#27;[0m&amp#27;[32mSend request post login user&amp#27;[0m                                               &amp#27;[90m# reqres.stepDef.AuthorizationStepDef.sendRequestPostLoginUser()&amp#27;[0m
  &amp#27;[32mThen &amp#27;[0m&amp#27;[32mStatus code should be &amp#27;[0m&amp#27;[32m&amp#27;[1m"400"&amp#27;[0m&amp#27;[32m - &amp#27;[0m&amp#27;[32m&amp#27;[1m"Bad Request"&amp#27;[0m                                &amp#27;[90m# reqres.stepDef.RegistrationStepDef.statusCodeShouldBeOK(java.lang.String,java.lang.String)&amp#27;[0m
  &amp#27;[32mAnd &amp#27;[0m&amp#27;[32mResponse body &amp#27;[0m&amp#27;[32m&amp#27;[1m"error"&amp#27;[0m&amp#27;[32m should return &amp#27;[0m&amp#27;[32m&amp#27;[1m"Missing email or username"&amp#27;[0m             &amp#27;[90m# reqres.stepDef.ResourceUsersStepDef.responseBodyShouldReturn(java.lang.String,java.lang.String)&amp#27;[0m
]]></system-out>
  </testcase>
  <testcase name="Login functionallity #6" classname="Authorization" time="0.824">
    <system-out><![CDATA[
@smoke @authorization
Scenario Outline: Login functionallity                                &amp#27;[90m# features/authorization.feature:16&amp#27;[0m
12:42:39.895 [pool-3-thread-1] INFO  i.c.core.plugin.SerenityReporter - Running feature from classpath:features/authorization.feature
  &amp#27;[32mGiven &amp#27;[0m&amp#27;[32mI post login with email &amp#27;[0m&amp#27;[32m&amp#27;[1m""&amp#27;[0m&amp#27;[32m and password &amp#27;[0m&amp#27;[32m&amp#27;[1m""&amp#27;[0m&amp#27;[32m, note: &amp#27;[0m&amp#27;[32m&amp#27;[1m"no data"&amp#27;[0m   &amp#27;[90m# reqres.stepDef.AuthorizationStepDef.postLoginWithJson(java.lang.String,java.lang.String,java.lang.String)&amp#27;[0m
  &amp#27;[32mWhen &amp#27;[0m&amp#27;[32mSend request post login user&amp#27;[0m                                   &amp#27;[90m# reqres.stepDef.AuthorizationStepDef.sendRequestPostLoginUser()&amp#27;[0m
  &amp#27;[32mThen &amp#27;[0m&amp#27;[32mStatus code should be &amp#27;[0m&amp#27;[32m&amp#27;[1m"400"&amp#27;[0m&amp#27;[32m - &amp#27;[0m&amp#27;[32m&amp#27;[1m"Bad Request"&amp#27;[0m                    &amp#27;[90m# reqres.stepDef.RegistrationStepDef.statusCodeShouldBeOK(java.lang.String,java.lang.String)&amp#27;[0m
  &amp#27;[32mAnd &amp#27;[0m&amp#27;[32mResponse body &amp#27;[0m&amp#27;[32m&amp#27;[1m"error"&amp#27;[0m&amp#27;[32m should return &amp#27;[0m&amp#27;[32m&amp#27;[1m"Missing email or username"&amp#27;[0m &amp#27;[90m# reqres.stepDef.ResourceUsersStepDef.responseBodyShouldReturn(java.lang.String,java.lang.String)&amp#27;[0m
]]></system-out>
  </testcase>
</testsuite>