<?xml version="1.0" encoding="UTF-8"?><testsuite errors="0" failures="1" name="Authorization" skipped="0" tests="6" time="12.28" timestamp="2022-09-28 01:05:56"><testcase name="Login functionallity"><failure message="1 expectation failed.&#10;Expected status code &lt;400&gt; but was &lt;200&gt;.&#10;" type="java.lang.AssertionError">1 expectation failed.
Expected status code &lt;400&gt; but was &lt;200&gt;.
</failure><system-err>1 expectation failed.
Expected status code &lt;400&gt; but was &lt;200&gt;.

io.restassured.internal.ResponseSpecificationImpl.validateResponseIfRequired(ResponseSpecificationImpl.groovy:674)
io.restassured.internal.ResponseSpecificationImpl.statusCode(ResponseSpecificationImpl.groovy:126)
io.restassured.internal.ResponseSpecificationImpl.statusCode(ResponseSpecificationImpl.groovy:134)
io.restassured.internal.ValidatableResponseOptionsImpl.statusCode(ValidatableResponseOptionsImpl.java:89)
io.restassured.internal.ValidatableResponseImpl.super$2$statusCode(ValidatableResponseImpl.groovy)
groovy.lang.MetaMethod.doMethodInvoke(MetaMethod.java:323)
groovy.lang.MetaClassImpl.invokeMethod(MetaClassImpl.java:1267)
io.restassured.internal.ValidatableResponseImpl.statusCode(ValidatableResponseImpl.groovy:142)
io.restassured.internal.ValidatableResponseImpl.statusCode(ValidatableResponseImpl.groovy)
reqres.stepDef.RegistrationStepDef.statusCodeShouldBeOK(RegistrationStepDef.java:32)
✽.Status code should be "400" - "Bad Request"(classpath:features/authorization.feature:7)
</system-err></testcase></testsuite>